This file contains any messages produced by compilers while
running configure, to aid debugging if configure makes a mistake.

It was created by my-plugin-package configure 1.0.0, which was
generated by GNU Autoconf 2.69.  Invocation command line was

  $ ./configure --target=x86_64-poky-linux --host=x86_64-poky-linux --build=x86_64-linux --with-libtool-sysroot=/opt/poky/2.5/sysroots/core2-64-poky-linux --prefix=/home/jiangxiaoyu/jiangxiaoyu/git/MR4_RELEASE/camera/out/iotg/install DEFAULT_CAMERA=0

## --------- ##
## Platform. ##
## --------- ##

hostname = jiangxiaoyu-HP-Z230-SFF-Workstation
uname -m = x86_64
uname -r = 5.11.0-49-generic
uname -s = Linux
uname -v = #55-Ubuntu SMP Wed Jan 12 17:36:34 UTC 2022

/usr/bin/uname -p = x86_64
/bin/uname -X     = unknown

/bin/arch              = x86_64
/usr/bin/arch -k       = unknown
/usr/convex/getsysinfo = unknown
/usr/bin/hostinfo      = unknown
/bin/machine           = unknown
/usr/bin/oslevel       = unknown
/bin/universe          = unknown

PATH: /opt/poky/2.5/sysroots/x86_64-pokysdk-linux/usr/bin
PATH: /opt/poky/2.5/sysroots/x86_64-pokysdk-linux/usr/sbin
PATH: /opt/poky/2.5/sysroots/x86_64-pokysdk-linux/bin
PATH: /opt/poky/2.5/sysroots/x86_64-pokysdk-linux/sbin
PATH: /opt/poky/2.5/sysroots/x86_64-pokysdk-linux/usr/bin/../x86_64-pokysdk-linux/bin
PATH: /opt/poky/2.5/sysroots/x86_64-pokysdk-linux/usr/bin/x86_64-poky-linux
PATH: /opt/poky/2.5/sysroots/x86_64-pokysdk-linux/usr/bin/x86_64-poky-linux-musl
PATH: /usr/local/sbin
PATH: /usr/local/bin
PATH: /usr/sbin
PATH: /usr/bin
PATH: /sbin
PATH: /bin
PATH: /usr/games
PATH: /usr/local/games
PATH: /snap/bin


## ----------- ##
## Core tests. ##
## ----------- ##

configure:2260: loading site script /opt/poky/2.5/site-config-core2-64-poky-linux
| ac_cv_c_littleendian=${ac_cv_c_littleendian=yes}
| ac_cv_c_bigendian=${ac_cv_c_bigendian=no}
| 
| # libnet
| ac_cv_libnet_endianess=${ac_cv_libnet_endianess=lil}
| 
| # libmemcached
| ac_cv_c_endian=little
| # gettext - these add sleep delays otherwise
| gl_cv_func_sleep_works=${gl_cv_func_sleep_works=yes}
| gl_cv_header_working_fcntl_h=${gl_cv_header_working_fcntl_h=yes}
| 
| # apr
| ac_cv_file__dev_zero=${ac_cv_file__dev_zero=yes}
| ac_cv_sizeof_pid_t=${ac_cv_sizeof_pid_t=4}
| ac_cv_func_pthread_key_delete=${ac_cv_func_pthread_key_delete=yes}
| apr_cv_tcp_nodelay_with_cork=${apr_cv_tcp_nodelay_with_cork=yes}
| apr_cv_process_shared_works=${apr_cv_process_shared_works=no}
| 
| # samba
| samba_cv_HAVE_IFACE_AIX=${samba_cv_HAVE_IFACE_AIX=no}
| samba_cv_HAVE_IFACE_IFCONF=${samba_cv_HAVE_IFACE_IFCONF=yes}
| samba_cv_HAVE_IFACE_IFREQ=${samba_cv_HAVE_IFACE_IFREQ=yes}
| samba_cv_HAVE_IRIX_SPECIFIC_CAPABILITIES=${samba_cv_HAVE_IRIX_SPECIFIC_CAPABILITIES=no}
| 
| # db
| db_cv_path_ar=${db_cv_path_ar=/usr/bin/ar}
| db_cv_path_chmod=${db_cv_path_chmod=/bin/chmod}
| db_cv_path_cp=${db_cv_path_cp=/bin/cp}
| db_cv_path_ln=${db_cv_path_ln=/bin/ln}
| db_cv_path_mkdir=${db_cv_path_mkdir=/bin/mkdir}
| db_cv_path_ranlib=${db_cv_path_ranlib=/usr/bin/ranlib}
| db_cv_path_rm=${db_cv_path_rm=/bin/rm}
| db_cv_path_sh=${db_cv_path_sh=/bin/sh}
| db_cv_path_strip=${db_cv_path_strip=/usr/bin/strip}
| 
| # bash
| bash_cv_have_mbstate_t=${bash_cv_have_mbstate_t=yes}
| bash_cv_must_reinstall_sighandlers=${bash_cv_must_reinstall_sighandlers=no}
| bash_cv_func_strcoll_broken=${bash_cv_func_strcoll_broken=no}
| bash_cv_dup2_broken=${bash_cv_dup2_broken=no}
| bash_cv_opendir_not_robust=${bash_cv_opendir_not_robust=no}
| bash_cv_type_rlimit=${bash_cv_type_rlimit=rlim_t}
| bash_cv_getenv_redef=${bash_cv_getenv_redef=yes}
| bash_cv_ulimit_maxfds=${bash_cv_ulimit_maxfds=yes}
| bash_cv_getcwd_calls_popen=${bash_cv_getcwd_calls_popen=no}
| bash_cv_printf_a_format=${bash_cv_printf_a_format=yes}
| bash_cv_pgrp_pipe=${bash_cv_pgrp_pipe=no}
| bash_cv_job_control_missing=${bash_cv_job_control_missing=present}
| bash_cv_sys_named_pipes=${bash_cv_sys_named_pipes=present}
| bash_cv_unusable_rtsigs=${bash_cv_unusable_rtsigs=no}
| 
| # ccache
| hw_cv_func_snprintf_c99=${hw_cv_func_snprintf_c99=yes}
| hw_cv_func_vsnprintf_c99=${hw_cv_func_vsnprintf_c99=yes}
| 
| # coreutils
| gl_cv_func_fstatat_zero_flag=${gl_cv_func_fstatat_zero_flag=yes}
| gl_cv_have_proc_uptime=${gl_cv_have_proc_uptime=yes}
| 
| # mysql
| ac_cv_sys_restartable_syscalls=${ac_cv_sys_restartable_syscalls=yes}
| ac_cv_conv_longlong_to_float=${ac_cv_conv_longlong_to_float=yes}
| 
| # TCL
| tcl_cv_api_serial=${tcl_cv_api_serial=termios}
| 
| # python
| ac_cv_have_long_long_format=yes
| 
| # apache
| ac_cv_o_nonblock_inherited=${ac_cv_o_nonblock_inherited=no}
| 
| # rsync
| rsync_cv_HAVE_C99_VSNPRINTF=${rsync_cv_HAVE_C99_VSNPRINTF=yes}
| # general
| ac_cv_have_decl_sys_siglist=${ac_cv_have_decl_sys_siglist=yes}
| ac_cv_func_realloc_works=${ac_cv_func_realloc_works=yes}
| ac_cv_func_realloc_0_nonnull=${ac_cv_func_realloc_0_nonnull=yes}
| ac_cv_func_malloc_works=${ac_cv_func_malloc_works=yes}
| ac_cv_func_malloc_0_nonnull=${ac_cv_func_malloc_0_nonnull=yes}
| ac_cv_func_memcmp_working=${ac_cv_func_memcmp_working=yes}
| ac_cv_func_getpgrp_void=yes
| ac_cv_func_setpgrp_void=yes
| ac_cv_func_setgrent_void=yes
| ac_cv_func_getgrgid_r=${ac_cv_func_getgrgid_r=yes}
| ac_cv_func_getpwuid_r=${ac_cv_func_getpwuid_r=yes}
| ac_cv_func_posix_getpwuid_r=${ac_cv_func_posix_getpwuid_r=yes}
| ac_cv_func_posix_getgrgid_r=${ac_cv_func_posix_getgrgid_r=yes}
| ac_cv_type_uid_t={ac_cv_type_uid_t=yes}
| ac_cv_func_getaddrinfo=${ac_cv_func_getaddrinfo=yes}
| 
| # bash
| bash_cv_under_sys_siglist=${bash_cv_under_sys_siglist=yes}
| bash_cv_sys_siglist=${bash_cv_sys_siglist=yes}
| bash_cv_getcwd_malloc=${bash_cv_getcwd_malloc=yes}
| 
| # clamav
| clamav_av_func_working_snprintf_long=${clamav_av_func_working_snprintf_long=yes}
| clamav_av_have_in_port_t=${clamav_av_have_in_port_t=yes}
| clamav_av_have_in_addr_t=${clamav_av_have_in_addr_t=yes}
| ac_cv_func_mmap_fixed_mapped=${ac_cv_func_mmap_fixed_mapped=yes}
| 
| # coreutils
| fu_cv_sys_stat_statfs2_bsize=${fu_cv_sys_stat_statfs2_bsize=yes}
| 
| # glib
| glib_cv_strlcpy=${glib_cv_strlcpy=no}
| ac_cv_func_printf_unix98=${ac_cv_func_printf_unix98=yes}
| ac_cv_func_snprintf_c99=${ac_cv_func_snprintf_c99=yes}
| ac_cv_func_vsnprintf_c99=${ac_cv_func_vsnprintf_c99=yes}
| glib_cv_compliant_posix_memalign=${glib_cv_compliant_posix_memalign=1}
| glib_cv_long_long_format=${glib_cv_long_long_format=ll}
| # glib-1.x requires this and pkgconfig-native / pkgconfig-nativesdk use
| # that to avoid a dependency loop.
| glib_cv___va_copy=${glib_cv___va_copy=yes}
| glib_cv_va_copy=${glib_cv_va_copy=yes}
| glib_cv_have_qsort_r=${glib_cv_have_qsort_r=yes}
| 
| #dbus-glib
| ac_cv_have_abstract_sockets=${ac_cv_have_abstract_sockets=yes}
| 
| # gnucash
| am_cv_scanf_lld=${am_cv_scanf_lld=yes}
| 
| # guile
| ac_cv_func_pthread_attr_getstack=${ac_cv_func_pthread_attr_getstack=yes}
| 
| #gcc-zlib
| ac_cv_func_getpagesize=${ac_cv_func_getpagesize=yes}
| ac_cv_func_memcpy=${ac_cv_func_memcpy=yes}
| ac_cv_func_strerror=${ac_cv_func_strerror=yes}
| 
| # squid
| ac_cv_af_unix_large_dgram=${ac_cv_af_unix_large_dgram=yes}
| ac_cv_func_setresuid=${ac_cv_func_setresuid=yes}
| ac_cv_func_va_copy=${ac_cv_func_va_copy=yes}
| ac_cv_func___va_copy=${ac_cv_func___va_copy=yes}
| ac_cv_epoll_works=${ac_cv_epoll_works=yes}
| 
| ac_cv_check_sjlj=ssjlj
| 
| # m4
| gt_cv_locale_fr=${gt_cv_locale_fr=fr_FR}
| gl_cv_func_btowc_eof=${gl_cv_func_btowc_eof=yes}
| gl_cv_func_wcrtomb_retval=${gl_cv_func_wcrtomb_retval=yes}
| gl_cv_func_wctob_works=${gl_cv_func_wctob_works=yes}
| gl_cv_func_mbrtowc_incomplete_state=${gl_cv_func_mbrtowc_incomplete_state=yes}
| gl_cv_func_mbrtowc_sanitycheck=${gl_cv_func_mbrtowc_sanitycheck=yes}
| gl_cv_func_mbrtowc_null_arg=${gl_cv_func_mbrtowc_null_arg=yes}
| gl_cv_func_mbrtowc_retval=${gl_cv_func_mbrtowc_retval=yes}
| gl_cv_func_mbrtowc_nul_retval=${gl_cv_func_mbrtowc_nul_retval=yes}
| 
| # va_copy and _va_copy
| ac_cv_va_copy=${ac_cv_va_copy=yes}
| ac_cv___va_copy=${ac_cv___va_copy=yes}
| ac_cv_func_va_copy=${ac_cv_func_va_copy=yes}
| ac_cv_func___va_copy=${ac_cv_func___va_copy=yes}
| 
| # Xorg
| xorg_cv_malloc0_returns_null=${xorg_cv_malloc0_returns_null=yes}
| # general
| ac_cv_va_val_copy=${ac_cv_va_val_copy=no}
| ac_cv_func_lstat_dereferences_slashed_symlink=${ac_cv_func_lstat_dereferences_slashed_symlink=yes}
| ac_cv_func_lstat_empty_string_bug=${ac_cv_func_lstat_empty_string_bug=no}
| ac_cv_func_posix_getpwnam_r=${ac_cv_func_posix_getpwnam_r=yes}
| ac_cv_func_setvbuf_reversed=${ac_cv_func_setvbuf_reversed=no}
| ac_cv_func_stat_empty_string_bug=${ac_cv_func_stat_empty_string_bug=no}
| ac_cv_func_stat_ignores_trailing_slash=${ac_cv_func_stat_ignores_trailing_slash=no}
| ac_libnet_have_packet_socket=${ac_libnet_have_packet_socket=yes}
| ac_cv_linux_vers=${ac_cv_linux_vers=2}
| ac_cv_need_trio=${ac_cv_need_trio=no}
| ac_cv_sizeof_char=${ac_cv_sizeof_char=1}
| ac_cv_sizeof_int=${ac_cv_sizeof_int=4}
| ac_cv_sizeof_unsigned_int=${ac_cv_sizeof_unsigned_int=4}
| ac_cv_sizeof___int64=${ac_cv_sizeof___int64=0}
| ac_cv_sizeof_long=${ac_cv_sizeof_long=8}
| ac_cv_sizeof_unsigned_long=${ac_cv_sizeof_unsigned_long=8}
| ac_cv_sizeof_long_double=${ac_cv_sizeof_long_double=16}
| ac_cv_sizeof_long_int=${ac_cv_sizeof_long_int=8}
| ac_cv_sizeof_long_long=${ac_cv_sizeof_long_long=8}
| ac_cv_sizeof_short=${ac_cv_sizeof_short=2}
| ac_cv_sizeof_unsigned_short=${ac_cv_sizeof_unsigned_short=2}
| ac_cv_sizeof_short_int=${ac_cv_sizeof_short_int=2}
| ac_cv_sizeof_size_t=${ac_cv_sizeof_size_t=8}
| ac_cv_sizeof_uid_t=${ac_cv_sizeof_uid_t=4}
| ac_cv_sizeof_gid_t=${ac_cv_sizeof_gid_t=4}
| ac_cv_sizeof_dev_t=${ac_cv_sizeof_dev_t=8}
| ac_cv_sizeof_void_p=${ac_cv_sizeof_void_p=8}
| ac_cv_strerror_r_SUSv3=${ac_cv_strerror_r_SUSv3=no}
| db_cv_alignp_t=${db_cv_alignp_t='unsigned long long'}
| db_cv_align_t=${db_cv_align_t='unsigned long long'}
| db_cv_fcntl_f_setfd=${db_cv_fcntl_f_setfd=yes}
| db_cv_sprintf_count=${db_cv_sprintf_count=yes}
| 
| # glib
| glib_cv_hasinline=${glib_cv_hasinline=yes}
| glib_cv_has__inline=${glib_cv_has__inline=yes}
| glib_cv_has__inline__=${glib_cv_has__inline__=yes}
| glib_cv_long_long_format=${glib_cv_long_long_format=ll}
| glib_cv_rtldglobal_broken=${glib_cv_rtldglobal_broken=yes}
| glib_cv_sane_realloc=${glib_cv_sane_realloc=yes}
| glib_cv_sizeof_gmutex=${glib_cv_sizeof_gmutex=40}
| glib_cv_sizeof_intmax_t=${glib_cv_sizeof_intmax_t=8}
| glib_cv_sizeof_ptrdiff_t=${glib_cv_sizeof_ptrdiff_t=8}
| glib_cv_sizeof_size_t=${glib_cv_sizeof_size_t=8}
| glib_cv_sizeof_system_thread=${glib_cv_sizeof_system_thread=8}
| glib_cv_stack_grows=${glib_cv_stack_grows=no}
| glib_cv_sys_pthread_cond_timedwait_posix=${glib_cv_sys_pthread_cond_timedwait_posix=yes}
| glib_cv_sys_pthread_getspecific_posix=${glib_cv_sys_pthread_getspecific_posix=yes}
| glib_cv_sys_pthread_mutex_trylock_posix=${glib_cv_sys_pthread_mutex_trylock_posix=yes}
| glib_cv_uscore=${glib_cv_uscore=no}
| glib_cv_va_val_copy=${glib_cv_va_val_copy=no}
| ac_cv_alignof_guint32=4
| ac_cv_alignof_guint64=8
| ac_cv_alignof_unsigned_long=8
| 
| nano_cv_func_regexec_segv_emptystr=${nano_cv_func_regexec_segv_emptystr=no}
| samba_cv_HAVE_VA_COPY=${samba_cv_HAVE_VA_COPY=yes}
| screen_cv_sys_bcopy_overlap=${screen_cv_sys_bcopy_overlap=no}
| screen_cv_sys_fifo_broken_impl=${screen_cv_sys_fifo_broken_impl=yes}
| screen_cv_sys_fifo_usable=${screen_cv_sys_fifo_usable=yes}
| screen_cv_sys_memcpy_overlap=${screen_cv_sys_memcpy_overlap=no}
| screen_cv_sys_memmove_overlap=${screen_cv_sys_memmove_overlap=no}
| screen_cv_sys_select_broken_retval=${screen_cv_sys_select_broken_retval=no}
| screen_cv_sys_sockets_nofs=${screen_cv_sys_sockets_nofs=no}
| screen_cv_sys_sockets_usable=${screen_cv_sys_sockets_usable=yes}
| screen_cv_sys_terminfo_used=${screen_cv_sys_terminfo_used=yes}
| utils_cv_sys_open_max=${utils_cv_sys_open_max=1015}
| 
| # gettext
| am_cv_func_working_getline=${am_cv_func_working_getline=yes}
| 
| #gcc
| ac_cv_lib_m_sin=${ac_cv_lib_m_sin=yes}
| 
| #orbit
| libIDL_cv_long_long_format=ll
| 
| # bash
| bash_cv_func_sigsetjmp=${bash_cv_func_sigsetjmp=present}
| 
| # ORBit2
| ac_cv_alignof_CORBA_boolean=1
| ac_cv_alignof_CORBA_char=1
| ac_cv_alignof_CORBA_double=8
| ac_cv_alignof_CORBA_float=4
| ac_cv_alignof_CORBA_long=4
| ac_cv_alignof_CORBA_long_double=8
| ac_cv_alignof_CORBA_long_long=8
| ac_cv_alignof_CORBA_octet=1
| ac_cv_alignof_CORBA_pointer=8
| ac_cv_alignof_CORBA_short=2
| ac_cv_alignof_CORBA_struct=1
| ac_cv_alignof_CORBA_wchar=2
| 
| lf_cv_sane_realloc=yes
| as_cv_unaligned_access=${as_cv_unaligned_access=yes}
| 
| #unfs3
| nfsd_cv_broken_setfsuid=${nfsd_cv_broken_setfsuid=0}
| nfsd_cv_func_statfs=${nfsd_cv_func_statfs=statfs2_bsize}
| nfsd_cv_bsd_signals=${nfsd_cv_bsd_signals=yes}
| 
| #apr
| apr_cv_tcp_nodelay_with_cork=${apr_cv_tcp_nodelay_with_cork=yes}
| 
| # lftp
| lftp_cv_va_val_copy=${lftp_cv_va_val_copy=no}
| 
| # slrn
| slrn_cv_va_val_copy=${slrn_cv_va_val_copy=no}
| 
| # grub
| ac_cv_func___ashldi3=no
| ac_cv_func___ashrdi3=no
| ac_cv_func___bswapdi2=no
| ac_cv_func___bswapsi2=no
| ac_cv_func___lshrdi3=no
| ac_cv_func___trampoline_setup=no
| ac_cv_func___ucmpdi2=no
| ac_cv_func__restgpr_14_x=no
| 
| # cvs
| cvs_cv_func_printf_ptr=${cvs_cv_func_printf_ptr=yes}
| 
| # at-spi2-core
| ac_cv_alignof_char=1
| ac_cv_alignof_dbind_pointer=8
| ac_cv_alignof_dbind_struct=1
| ac_cv_alignof_dbus_bool_t=4
| ac_cv_alignof_dbus_int16_t=2
| ac_cv_alignof_dbus_int32_t=4
| ac_cv_alignof_dbus_int64_t=8
| ac_cv_alignof_double=8
| # libelf
| mr_cv_target_elf=${mr_cv_target_elf=yes}
| 
| # Normally kernels have /dev/random enabled
| ac_cv_file__dev_random=${ac_cv_file__dev_random=yes}
| 
| # Avoid sudo to assume void for unsetenv in cross environment, or else it conflicts with
| # target stdlib.h prototype which follows POSIX compiliance. Mark for upstream.
| sudo_cv_func_unsetenv_void=no
| 
| # shadow dir info, to avoid searching build system
| shadow_cv_maildir=${localstatedir}/spool/mail
| shadow_cv_mailfile=Mailbox
| shadow_cv_utmpdir=${localstatedir}/run
| shadow_cv_logdir=${localstatedir}/log
| shadow_cv_passwd_dir=${bindir}
| 
| # python: deactivate a runtime check for ipv6-support in python >=2.7.1 that fails when cross-compiling
| ac_cv_buggy_getaddrinfo=no
| 
| ac_cv_path_SED=${ac_cv_path_SED=sed}
configure:2408: checking for a BSD-compatible install
configure:2476: result: /usr/bin/install -c
configure:2487: checking whether build environment is sane
configure:2502: result: yes
configure:2552: checking for x86_64-poky-linux-strip
configure:2579: result: x86_64-poky-linux-strip
configure:2644: checking for a thread-safe mkdir -p
configure:2683: result: /usr/bin/mkdir -p
configure:2690: checking for gawk
configure:2720: result: no
configure:2690: checking for mawk
configure:2706: found /usr/bin/mawk
configure:2717: result: mawk
configure:2728: checking whether make sets $(MAKE)
configure:2750: result: yes
configure:2779: checking whether make supports nested variables
configure:2796: result: yes
configure:2924: checking whether to enable maintainer-specific portions of Makefiles
configure:2933: result: yes
configure:3059: checking for C++ compiler version
configure:3068: x86_64-poky-linux-g++  -m64 -march=core2 -mtune=core2 -msse3 -mfpmath=sse --sysroot=/opt/poky/2.5/sysroots/core2-64-poky-linux --version >&5
x86_64-poky-linux-g++ (GCC) 7.3.0
Copyright (C) 2017 Free Software Foundation, Inc.
This is free software; see the source for copying conditions.  There is NO
warranty; not even for MERCHANTABILITY or FITNESS FOR A PARTICULAR PURPOSE.

configure:3079: $? = 0
configure:3068: x86_64-poky-linux-g++  -m64 -march=core2 -mtune=core2 -msse3 -mfpmath=sse --sysroot=/opt/poky/2.5/sysroots/core2-64-poky-linux -v >&5
Using built-in specs.
COLLECT_GCC=x86_64-poky-linux-g++
COLLECT_LTO_WRAPPER=/opt/poky/2.5/sysroots/x86_64-pokysdk-linux/usr/libexec/x86_64-poky-linux/gcc/x86_64-poky-linux/7.3.0/lto-wrapper
Target: x86_64-poky-linux
Configured with: ../../../../../../work-shared/gcc-7.3.0-r0/gcc-7.3.0/configure --build=x86_64-linux --host=x86_64-pokysdk-linux --target=x86_64-poky-linux --prefix=/opt/poky/2.5/sysroots/x86_64-pokysdk-linux/usr --exec_prefix=/opt/poky/2.5/sysroots/x86_64-pokysdk-linux/usr --bindir=/opt/poky/2.5/sysroots/x86_64-pokysdk-linux/usr/bin/x86_64-poky-linux --sbindir=/opt/poky/2.5/sysroots/x86_64-pokysdk-linux/usr/bin/x86_64-poky-linux --libexecdir=/opt/poky/2.5/sysroots/x86_64-pokysdk-linux/usr/libexec/x86_64-poky-linux --datadir=/opt/poky/2.5/sysroots/x86_64-pokysdk-linux/usr/share --sysconfdir=/opt/poky/2.5/sysroots/x86_64-pokysdk-linux/etc --sharedstatedir=/opt/poky/2.5/sysroots/x86_64-pokysdk-linux/com --localstatedir=/opt/poky/2.5/sysroots/x86_64-pokysdk-linux/var --libdir=/opt/poky/2.5/sysroots/x86_64-pokysdk-linux/usr/lib/x86_64-poky-linux --includedir=/opt/poky/2.5/sysroots/x86_64-pokysdk-linux/usr/include --oldincludedir=/opt/poky/2.5/sysroots/x86_64-pokysdk-linux/usr/include --infodir=/opt/poky/2.5/sysroots/x86_64-pokysdk-linux/usr/share/info --mandir=/opt/poky/2.5/sysroots/x86_64-pokysdk-linux/usr/share/man --disable-silent-rules --disable-dependency-tracking --with-libtool-sysroot=/home/pokybuild/yocto-worker/nightly-oe-selftest/build/build/tmp/work/x86_64-nativesdk-pokysdk-linux/gcc-cross-canadian-x86-64/7.3.0-r0/recipe-sysroot --with-gnu-ld --enable-shared --enable-languages=c,c++ --enable-threads=posix --enable-multilib --enable-c99 --enable-long-long --enable-symvers=gnu --enable-libstdcxx-pch --program-prefix=x86_64-poky-linux- --without-local-prefix --enable-lto --enable-libssp --enable-libitm --disable-bootstrap --disable-libmudflap --with-system-zlib --with-linker-hash-style=gnu --enable-linker-build-id --with-ppl=no --with-cloog=no --enable-checking=release --enable-cheaders=c_global --without-isl --with-gxx-include-dir=/not/exist/usr/include/c++/7.3.0 --with-build-time-tools=/home/pokybuild/yocto-worker/nightly-oe-selftest/build/build/tmp/work/x86_64-nativesdk-pokysdk-linux/gcc-cross-canadian-x86-64/7.3.0-r0/recipe-sysroot-native/usr/x86_64-poky-linux/bin --with-sysroot=/not/exist --with-build-sysroot=/home/pokybuild/yocto-worker/nightly-oe-selftest/build/build/tmp/work/x86_64-nativesdk-pokysdk-linux/gcc-cross-canadian-x86-64/7.3.0-r0/recipe-sysroot --without-long-double-128 --enable-poison-system-directories --with-mpfr=/home/pokybuild/yocto-worker/nightly-oe-selftest/build/build/tmp/work/x86_64-nativesdk-pokysdk-linux/gcc-cross-canadian-x86-64/7.3.0-r0/recipe-sysroot --with-mpc=/home/pokybuild/yocto-worker/nightly-oe-selftest/build/build/tmp/work/x86_64-nativesdk-pokysdk-linux/gcc-cross-canadian-x86-64/7.3.0-r0/recipe-sysroot --disable-static --enable-nls --enable-initfini-array --enable-__cxa_atexit
Thread model: posix
gcc version 7.3.0 (GCC) 
configure:3079: $? = 0
configure:3068: x86_64-poky-linux-g++  -m64 -march=core2 -mtune=core2 -msse3 -mfpmath=sse --sysroot=/opt/poky/2.5/sysroots/core2-64-poky-linux -V >&5
x86_64-poky-linux-g++: error: unrecognized command line option '-V'
x86_64-poky-linux-g++: fatal error: no input files
compilation terminated.
configure:3079: $? = 1
configure:3068: x86_64-poky-linux-g++  -m64 -march=core2 -mtune=core2 -msse3 -mfpmath=sse --sysroot=/opt/poky/2.5/sysroots/core2-64-poky-linux -qversion >&5
x86_64-poky-linux-g++: error: unrecognized command line option '-qversion'; did you mean '--version'?
x86_64-poky-linux-g++: fatal error: no input files
compilation terminated.
configure:3079: $? = 1
configure:3099: checking whether the C++ compiler works
configure:3121: x86_64-poky-linux-g++  -m64 -march=core2 -mtune=core2 -msse3 -mfpmath=sse --sysroot=/opt/poky/2.5/sysroots/core2-64-poky-linux -O2  -Wl,-O1 -Wl,--hash-style=gnu -Wl,--as-needed conftest.cpp  >&5
configure:3125: $? = 0
configure:3173: result: yes
configure:3176: checking for C++ compiler default output file name
configure:3178: result: a.out
configure:3184: checking for suffix of executables
configure:3191: x86_64-poky-linux-g++  -m64 -march=core2 -mtune=core2 -msse3 -mfpmath=sse --sysroot=/opt/poky/2.5/sysroots/core2-64-poky-linux -o conftest -O2  -Wl,-O1 -Wl,--hash-style=gnu -Wl,--as-needed conftest.cpp  >&5
configure:3195: $? = 0
configure:3217: result: 
configure:3239: checking whether we are cross compiling
configure:3277: result: yes
configure:3282: checking for suffix of object files
configure:3304: x86_64-poky-linux-g++  -m64 -march=core2 -mtune=core2 -msse3 -mfpmath=sse --sysroot=/opt/poky/2.5/sysroots/core2-64-poky-linux -c -O2  conftest.cpp >&5
configure:3308: $? = 0
configure:3329: result: o
configure:3333: checking whether we are using the GNU C++ compiler
configure:3352: x86_64-poky-linux-g++  -m64 -march=core2 -mtune=core2 -msse3 -mfpmath=sse --sysroot=/opt/poky/2.5/sysroots/core2-64-poky-linux -c -O2  conftest.cpp >&5
configure:3352: $? = 0
configure:3361: result: yes
configure:3370: checking whether x86_64-poky-linux-g++  -m64 -march=core2 -mtune=core2 -msse3 -mfpmath=sse --sysroot=/opt/poky/2.5/sysroots/core2-64-poky-linux accepts -g
configure:3390: x86_64-poky-linux-g++  -m64 -march=core2 -mtune=core2 -msse3 -mfpmath=sse --sysroot=/opt/poky/2.5/sysroots/core2-64-poky-linux -c -g  conftest.cpp >&5
configure:3390: $? = 0
configure:3431: result: yes
configure:3465: checking for style of include used by make
configure:3493: result: GNU
configure:3519: checking dependency style of x86_64-poky-linux-g++  -m64 -march=core2 -mtune=core2 -msse3 -mfpmath=sse --sysroot=/opt/poky/2.5/sysroots/core2-64-poky-linux
configure:3630: result: gcc3
configure:3676: checking build system type
configure:3690: result: x86_64-pc-linux-gnu
configure:3710: checking host system type
configure:3723: result: x86_64-poky-linux-gnu
configure:3764: checking how to print strings
configure:3791: result: printf
configure:3820: checking for x86_64-poky-linux-gcc
configure:3847: result: x86_64-poky-linux-gcc  -m64 -march=core2 -mtune=core2 -msse3 -mfpmath=sse --sysroot=/opt/poky/2.5/sysroots/core2-64-poky-linux
configure:4116: checking for C compiler version
configure:4125: x86_64-poky-linux-gcc  -m64 -march=core2 -mtune=core2 -msse3 -mfpmath=sse --sysroot=/opt/poky/2.5/sysroots/core2-64-poky-linux --version >&5
x86_64-poky-linux-gcc (GCC) 7.3.0
Copyright (C) 2017 Free Software Foundation, Inc.
This is free software; see the source for copying conditions.  There is NO
warranty; not even for MERCHANTABILITY or FITNESS FOR A PARTICULAR PURPOSE.

configure:4136: $? = 0
configure:4125: x86_64-poky-linux-gcc  -m64 -march=core2 -mtune=core2 -msse3 -mfpmath=sse --sysroot=/opt/poky/2.5/sysroots/core2-64-poky-linux -v >&5
Using built-in specs.
COLLECT_GCC=x86_64-poky-linux-gcc
COLLECT_LTO_WRAPPER=/opt/poky/2.5/sysroots/x86_64-pokysdk-linux/usr/libexec/x86_64-poky-linux/gcc/x86_64-poky-linux/7.3.0/lto-wrapper
Target: x86_64-poky-linux
Configured with: ../../../../../../work-shared/gcc-7.3.0-r0/gcc-7.3.0/configure --build=x86_64-linux --host=x86_64-pokysdk-linux --target=x86_64-poky-linux --prefix=/opt/poky/2.5/sysroots/x86_64-pokysdk-linux/usr --exec_prefix=/opt/poky/2.5/sysroots/x86_64-pokysdk-linux/usr --bindir=/opt/poky/2.5/sysroots/x86_64-pokysdk-linux/usr/bin/x86_64-poky-linux --sbindir=/opt/poky/2.5/sysroots/x86_64-pokysdk-linux/usr/bin/x86_64-poky-linux --libexecdir=/opt/poky/2.5/sysroots/x86_64-pokysdk-linux/usr/libexec/x86_64-poky-linux --datadir=/opt/poky/2.5/sysroots/x86_64-pokysdk-linux/usr/share --sysconfdir=/opt/poky/2.5/sysroots/x86_64-pokysdk-linux/etc --sharedstatedir=/opt/poky/2.5/sysroots/x86_64-pokysdk-linux/com --localstatedir=/opt/poky/2.5/sysroots/x86_64-pokysdk-linux/var --libdir=/opt/poky/2.5/sysroots/x86_64-pokysdk-linux/usr/lib/x86_64-poky-linux --includedir=/opt/poky/2.5/sysroots/x86_64-pokysdk-linux/usr/include --oldincludedir=/opt/poky/2.5/sysroots/x86_64-pokysdk-linux/usr/include --infodir=/opt/poky/2.5/sysroots/x86_64-pokysdk-linux/usr/share/info --mandir=/opt/poky/2.5/sysroots/x86_64-pokysdk-linux/usr/share/man --disable-silent-rules --disable-dependency-tracking --with-libtool-sysroot=/home/pokybuild/yocto-worker/nightly-oe-selftest/build/build/tmp/work/x86_64-nativesdk-pokysdk-linux/gcc-cross-canadian-x86-64/7.3.0-r0/recipe-sysroot --with-gnu-ld --enable-shared --enable-languages=c,c++ --enable-threads=posix --enable-multilib --enable-c99 --enable-long-long --enable-symvers=gnu --enable-libstdcxx-pch --program-prefix=x86_64-poky-linux- --without-local-prefix --enable-lto --enable-libssp --enable-libitm --disable-bootstrap --disable-libmudflap --with-system-zlib --with-linker-hash-style=gnu --enable-linker-build-id --with-ppl=no --with-cloog=no --enable-checking=release --enable-cheaders=c_global --without-isl --with-gxx-include-dir=/not/exist/usr/include/c++/7.3.0 --with-build-time-tools=/home/pokybuild/yocto-worker/nightly-oe-selftest/build/build/tmp/work/x86_64-nativesdk-pokysdk-linux/gcc-cross-canadian-x86-64/7.3.0-r0/recipe-sysroot-native/usr/x86_64-poky-linux/bin --with-sysroot=/not/exist --with-build-sysroot=/home/pokybuild/yocto-worker/nightly-oe-selftest/build/build/tmp/work/x86_64-nativesdk-pokysdk-linux/gcc-cross-canadian-x86-64/7.3.0-r0/recipe-sysroot --without-long-double-128 --enable-poison-system-directories --with-mpfr=/home/pokybuild/yocto-worker/nightly-oe-selftest/build/build/tmp/work/x86_64-nativesdk-pokysdk-linux/gcc-cross-canadian-x86-64/7.3.0-r0/recipe-sysroot --with-mpc=/home/pokybuild/yocto-worker/nightly-oe-selftest/build/build/tmp/work/x86_64-nativesdk-pokysdk-linux/gcc-cross-canadian-x86-64/7.3.0-r0/recipe-sysroot --disable-static --enable-nls --enable-initfini-array --enable-__cxa_atexit
Thread model: posix
gcc version 7.3.0 (GCC) 
configure:4136: $? = 0
configure:4125: x86_64-poky-linux-gcc  -m64 -march=core2 -mtune=core2 -msse3 -mfpmath=sse --sysroot=/opt/poky/2.5/sysroots/core2-64-poky-linux -V >&5
x86_64-poky-linux-gcc: error: unrecognized command line option '-V'
x86_64-poky-linux-gcc: fatal error: no input files
compilation terminated.
configure:4136: $? = 1
configure:4125: x86_64-poky-linux-gcc  -m64 -march=core2 -mtune=core2 -msse3 -mfpmath=sse --sysroot=/opt/poky/2.5/sysroots/core2-64-poky-linux -qversion >&5
x86_64-poky-linux-gcc: error: unrecognized command line option '-qversion'; did you mean '--version'?
x86_64-poky-linux-gcc: fatal error: no input files
compilation terminated.
configure:4136: $? = 1
configure:4140: checking whether we are using the GNU C compiler
configure:4159: x86_64-poky-linux-gcc  -m64 -march=core2 -mtune=core2 -msse3 -mfpmath=sse --sysroot=/opt/poky/2.5/sysroots/core2-64-poky-linux -c -O2  conftest.c >&5
configure:4159: $? = 0
configure:4168: result: yes
configure:4177: checking whether x86_64-poky-linux-gcc  -m64 -march=core2 -mtune=core2 -msse3 -mfpmath=sse --sysroot=/opt/poky/2.5/sysroots/core2-64-poky-linux accepts -g
configure:4197: x86_64-poky-linux-gcc  -m64 -march=core2 -mtune=core2 -msse3 -mfpmath=sse --sysroot=/opt/poky/2.5/sysroots/core2-64-poky-linux -c -g  conftest.c >&5
configure:4197: $? = 0
configure:4238: result: yes
configure:4255: checking for x86_64-poky-linux-gcc  -m64 -march=core2 -mtune=core2 -msse3 -mfpmath=sse --sysroot=/opt/poky/2.5/sysroots/core2-64-poky-linux option to accept ISO C89
configure:4318: x86_64-poky-linux-gcc  -m64 -march=core2 -mtune=core2 -msse3 -mfpmath=sse --sysroot=/opt/poky/2.5/sysroots/core2-64-poky-linux  -c -O2  conftest.c >&5
configure:4318: $? = 0
configure:4331: result: none needed
configure:4356: checking whether x86_64-poky-linux-gcc  -m64 -march=core2 -mtune=core2 -msse3 -mfpmath=sse --sysroot=/opt/poky/2.5/sysroots/core2-64-poky-linux understands -c and -o together
configure:4378: x86_64-poky-linux-gcc  -m64 -march=core2 -mtune=core2 -msse3 -mfpmath=sse --sysroot=/opt/poky/2.5/sysroots/core2-64-poky-linux -c conftest.c -o conftest2.o
configure:4381: $? = 0
configure:4378: x86_64-poky-linux-gcc  -m64 -march=core2 -mtune=core2 -msse3 -mfpmath=sse --sysroot=/opt/poky/2.5/sysroots/core2-64-poky-linux -c conftest.c -o conftest2.o
configure:4381: $? = 0
configure:4393: result: yes
configure:4412: checking dependency style of x86_64-poky-linux-gcc  -m64 -march=core2 -mtune=core2 -msse3 -mfpmath=sse --sysroot=/opt/poky/2.5/sysroots/core2-64-poky-linux
configure:4523: result: gcc3
configure:4538: checking for a sed that does not truncate output
configure:4602: result: sed
configure:4620: checking for grep that handles long lines and -e
configure:4678: result: /usr/bin/grep
configure:4683: checking for egrep
configure:4745: result: /usr/bin/grep -E
configure:4750: checking for fgrep
configure:4812: result: /usr/bin/grep -F
configure:4847: checking for ld used by x86_64-poky-linux-gcc  -m64 -march=core2 -mtune=core2 -msse3 -mfpmath=sse --sysroot=/opt/poky/2.5/sysroots/core2-64-poky-linux
configure:4914: result: x86_64-poky-linux-ld   --sysroot=/opt/poky/2.5/sysroots/core2-64-poky-linux
configure:4921: checking if the linker (x86_64-poky-linux-ld   --sysroot=/opt/poky/2.5/sysroots/core2-64-poky-linux) is GNU ld
configure:4936: result: yes
configure:4948: checking for BSD- or MS-compatible name lister (nm)
configure:5002: result: x86_64-poky-linux-nm
configure:5132: checking the name lister (x86_64-poky-linux-nm) interface
configure:5139: x86_64-poky-linux-gcc  -m64 -march=core2 -mtune=core2 -msse3 -mfpmath=sse --sysroot=/opt/poky/2.5/sysroots/core2-64-poky-linux -c -O2  conftest.c >&5
configure:5142: x86_64-poky-linux-nm "conftest.o"
configure:5145: output
0000000000000000 B some_variable
configure:5152: result: BSD nm
configure:5155: checking whether ln -s works
configure:5159: result: yes
configure:5167: checking the maximum length of command line arguments
configure:5298: result: 1572864
configure:5346: checking how to convert x86_64-pc-linux-gnu file names to x86_64-poky-linux-gnu format
configure:5386: result: func_convert_file_noop
configure:5393: checking how to convert x86_64-pc-linux-gnu file names to toolchain format
configure:5413: result: func_convert_file_noop
configure:5420: checking for x86_64-poky-linux-ld   --sysroot=/opt/poky/2.5/sysroots/core2-64-poky-linux option to reload object files
configure:5427: result: -r
configure:5461: checking for x86_64-poky-linux-objdump
configure:5488: result: x86_64-poky-linux-objdump
configure:5560: checking how to recognize dependent libraries
configure:5760: result: pass_all
configure:5805: checking for x86_64-poky-linux-dlltool
configure:5835: result: no
configure:5845: checking for dlltool
configure:5875: result: no
configure:5905: checking how to associate runtime and link libraries
configure:5932: result: printf %s\n
configure:5949: checking for x86_64-poky-linux-ar
configure:5976: result: x86_64-poky-linux-ar
configure:6057: checking for archiver @FILE support
configure:6074: x86_64-poky-linux-gcc  -m64 -march=core2 -mtune=core2 -msse3 -mfpmath=sse --sysroot=/opt/poky/2.5/sysroots/core2-64-poky-linux -c -O2  conftest.c >&5
configure:6074: $? = 0
configure:6077: x86_64-poky-linux-ar cru libconftest.a @conftest.lst >&5
x86_64-poky-linux-ar: `u' modifier ignored since `D' is the default (see `U')
configure:6080: $? = 0
configure:6085: x86_64-poky-linux-ar cru libconftest.a @conftest.lst >&5
x86_64-poky-linux-ar: `u' modifier ignored since `D' is the default (see `U')
x86_64-poky-linux-ar: conftest.o: No such file or directory
configure:6088: $? = 1
configure:6100: result: @
configure:6118: checking for x86_64-poky-linux-strip
configure:6145: result: x86_64-poky-linux-strip
configure:6217: checking for x86_64-poky-linux-ranlib
configure:6244: result: x86_64-poky-linux-ranlib
configure:6386: checking command to parse x86_64-poky-linux-nm output from x86_64-poky-linux-gcc  -m64 -march=core2 -mtune=core2 -msse3 -mfpmath=sse --sysroot=/opt/poky/2.5/sysroots/core2-64-poky-linux object
configure:6539: x86_64-poky-linux-gcc  -m64 -march=core2 -mtune=core2 -msse3 -mfpmath=sse --sysroot=/opt/poky/2.5/sysroots/core2-64-poky-linux -c -O2  conftest.c >&5
configure:6542: $? = 0
configure:6546: x86_64-poky-linux-nm conftest.o \| sed -n -e 's/^.*[ ]\([ABCDGIRSTW][ABCDGIRSTW]*\)[ ][ ]*\([_A-Za-z][_A-Za-z0-9]*\)$/\1 \2 \2/p' | sed '/ __gnu_lto/d' \> conftest.nm
configure:6549: $? = 0
configure:6615: x86_64-poky-linux-gcc  -m64 -march=core2 -mtune=core2 -msse3 -mfpmath=sse --sysroot=/opt/poky/2.5/sysroots/core2-64-poky-linux -o conftest -O2  -Wl,-O1 -Wl,--hash-style=gnu -Wl,--as-needed conftest.c conftstm.o >&5
configure:6618: $? = 0
configure:6656: result: ok
configure:6703: checking for sysroot
configure:6738: result: /opt/poky/2.5/sysroots/core2-64-poky-linux
configure:6745: checking for a working dd
configure:6783: result: /usr/bin/dd
configure:6787: checking how to truncate binary pipes
configure:6802: result: /usr/bin/dd bs=4096 count=1
configure:6938: x86_64-poky-linux-gcc  -m64 -march=core2 -mtune=core2 -msse3 -mfpmath=sse --sysroot=/opt/poky/2.5/sysroots/core2-64-poky-linux -c -O2  conftest.c >&5
configure:6941: $? = 0
configure:7091: checking for x86_64-poky-linux-mt
configure:7121: result: no
configure:7131: checking for mt
configure:7147: found /usr/bin/mt
configure:7158: result: mt
configure:7170: WARNING: using cross tools not prefixed with host triplet
configure:7181: checking if mt is a manifest tool
configure:7187: mt '-?'
configure:7195: result: no
configure:7872: checking how to run the C preprocessor
configure:7942: result: x86_64-poky-linux-gcc -E  -m64 -march=core2 -mtune=core2 -msse3 -mfpmath=sse --sysroot=/opt/poky/2.5/sysroots/core2-64-poky-linux
configure:7962: x86_64-poky-linux-gcc -E  -m64 -march=core2 -mtune=core2 -msse3 -mfpmath=sse --sysroot=/opt/poky/2.5/sysroots/core2-64-poky-linux  conftest.c
configure:7962: $? = 0
configure:7976: x86_64-poky-linux-gcc -E  -m64 -march=core2 -mtune=core2 -msse3 -mfpmath=sse --sysroot=/opt/poky/2.5/sysroots/core2-64-poky-linux  conftest.c
conftest.c:11:10: fatal error: ac_nonexistent.h: No such file or directory
 #include <ac_nonexistent.h>
          ^~~~~~~~~~~~~~~~~~
compilation terminated.
configure:7976: $? = 1
configure: failed program was:
| /* confdefs.h */
| #define PACKAGE_NAME "my-plugin-package"
| #define PACKAGE_TARNAME "my-plugin-package"
| #define PACKAGE_VERSION "1.0.0"
| #define PACKAGE_STRING "my-plugin-package 1.0.0"
| #define PACKAGE_BUGREPORT ""
| #define PACKAGE_URL ""
| #define PACKAGE "my-plugin-package"
| #define VERSION "1.0.0"
| /* end confdefs.h.  */
| #include <ac_nonexistent.h>
configure:8005: checking for ANSI C header files
configure:8025: x86_64-poky-linux-gcc  -m64 -march=core2 -mtune=core2 -msse3 -mfpmath=sse --sysroot=/opt/poky/2.5/sysroots/core2-64-poky-linux -c -O2  conftest.c >&5
configure:8025: $? = 0
configure:8109: result: yes
configure:8122: checking for sys/types.h
configure:8122: x86_64-poky-linux-gcc  -m64 -march=core2 -mtune=core2 -msse3 -mfpmath=sse --sysroot=/opt/poky/2.5/sysroots/core2-64-poky-linux -c -O2  conftest.c >&5
configure:8122: $? = 0
configure:8122: result: yes
configure:8122: checking for sys/stat.h
configure:8122: x86_64-poky-linux-gcc  -m64 -march=core2 -mtune=core2 -msse3 -mfpmath=sse --sysroot=/opt/poky/2.5/sysroots/core2-64-poky-linux -c -O2  conftest.c >&5
configure:8122: $? = 0
configure:8122: result: yes
configure:8122: checking for stdlib.h
configure:8122: x86_64-poky-linux-gcc  -m64 -march=core2 -mtune=core2 -msse3 -mfpmath=sse --sysroot=/opt/poky/2.5/sysroots/core2-64-poky-linux -c -O2  conftest.c >&5
configure:8122: $? = 0
configure:8122: result: yes
configure:8122: checking for string.h
configure:8122: x86_64-poky-linux-gcc  -m64 -march=core2 -mtune=core2 -msse3 -mfpmath=sse --sysroot=/opt/poky/2.5/sysroots/core2-64-poky-linux -c -O2  conftest.c >&5
configure:8122: $? = 0
configure:8122: result: yes
configure:8122: checking for memory.h
configure:8122: x86_64-poky-linux-gcc  -m64 -march=core2 -mtune=core2 -msse3 -mfpmath=sse --sysroot=/opt/poky/2.5/sysroots/core2-64-poky-linux -c -O2  conftest.c >&5
configure:8122: $? = 0
configure:8122: result: yes
configure:8122: checking for strings.h
configure:8122: x86_64-poky-linux-gcc  -m64 -march=core2 -mtune=core2 -msse3 -mfpmath=sse --sysroot=/opt/poky/2.5/sysroots/core2-64-poky-linux -c -O2  conftest.c >&5
configure:8122: $? = 0
configure:8122: result: yes
configure:8122: checking for inttypes.h
configure:8122: x86_64-poky-linux-gcc  -m64 -march=core2 -mtune=core2 -msse3 -mfpmath=sse --sysroot=/opt/poky/2.5/sysroots/core2-64-poky-linux -c -O2  conftest.c >&5
configure:8122: $? = 0
configure:8122: result: yes
configure:8122: checking for stdint.h
configure:8122: x86_64-poky-linux-gcc  -m64 -march=core2 -mtune=core2 -msse3 -mfpmath=sse --sysroot=/opt/poky/2.5/sysroots/core2-64-poky-linux -c -O2  conftest.c >&5
configure:8122: $? = 0
configure:8122: result: yes
configure:8122: checking for unistd.h
configure:8122: x86_64-poky-linux-gcc  -m64 -march=core2 -mtune=core2 -msse3 -mfpmath=sse --sysroot=/opt/poky/2.5/sysroots/core2-64-poky-linux -c -O2  conftest.c >&5
configure:8122: $? = 0
configure:8122: result: yes
configure:8136: checking for dlfcn.h
configure:8136: x86_64-poky-linux-gcc  -m64 -march=core2 -mtune=core2 -msse3 -mfpmath=sse --sysroot=/opt/poky/2.5/sysroots/core2-64-poky-linux -c -O2  conftest.c >&5
configure:8136: $? = 0
configure:8136: result: yes
configure:8404: checking for objdir
configure:8419: result: .libs
configure:8679: checking if x86_64-poky-linux-gcc  -m64 -march=core2 -mtune=core2 -msse3 -mfpmath=sse --sysroot=/opt/poky/2.5/sysroots/core2-64-poky-linux supports -fno-rtti -fno-exceptions
configure:8697: x86_64-poky-linux-gcc  -m64 -march=core2 -mtune=core2 -msse3 -mfpmath=sse --sysroot=/opt/poky/2.5/sysroots/core2-64-poky-linux -c -O2  -fno-rtti -fno-exceptions conftest.c >&5
cc1: warning: command line option '-fno-rtti' is valid for C++/ObjC++ but not for C
configure:8701: $? = 0
configure:8714: result: no
configure:9072: checking for x86_64-poky-linux-gcc  -m64 -march=core2 -mtune=core2 -msse3 -mfpmath=sse --sysroot=/opt/poky/2.5/sysroots/core2-64-poky-linux option to produce PIC
configure:9079: result: -fPIC -DPIC
configure:9087: checking if x86_64-poky-linux-gcc  -m64 -march=core2 -mtune=core2 -msse3 -mfpmath=sse --sysroot=/opt/poky/2.5/sysroots/core2-64-poky-linux PIC flag -fPIC -DPIC works
configure:9105: x86_64-poky-linux-gcc  -m64 -march=core2 -mtune=core2 -msse3 -mfpmath=sse --sysroot=/opt/poky/2.5/sysroots/core2-64-poky-linux -c -O2  -fPIC -DPIC -DPIC conftest.c >&5
configure:9109: $? = 0
configure:9122: result: yes
configure:9151: checking if x86_64-poky-linux-gcc  -m64 -march=core2 -mtune=core2 -msse3 -mfpmath=sse --sysroot=/opt/poky/2.5/sysroots/core2-64-poky-linux static flag -static works
configure:9179: result: no
configure:9194: checking if x86_64-poky-linux-gcc  -m64 -march=core2 -mtune=core2 -msse3 -mfpmath=sse --sysroot=/opt/poky/2.5/sysroots/core2-64-poky-linux supports -c -o file.o
configure:9215: x86_64-poky-linux-gcc  -m64 -march=core2 -mtune=core2 -msse3 -mfpmath=sse --sysroot=/opt/poky/2.5/sysroots/core2-64-poky-linux -c -O2  -o out/conftest2.o conftest.c >&5
configure:9219: $? = 0
configure:9241: result: yes
configure:9249: checking if x86_64-poky-linux-gcc  -m64 -march=core2 -mtune=core2 -msse3 -mfpmath=sse --sysroot=/opt/poky/2.5/sysroots/core2-64-poky-linux supports -c -o file.o
configure:9296: result: yes
configure:9329: checking whether the x86_64-poky-linux-gcc  -m64 -march=core2 -mtune=core2 -msse3 -mfpmath=sse --sysroot=/opt/poky/2.5/sysroots/core2-64-poky-linux linker (x86_64-poky-linux-ld   --sysroot=/opt/poky/2.5/sysroots/core2-64-poky-linux -m elf_x86_64) supports shared libraries
configure:10588: result: yes
configure:10625: checking whether -lc should be explicitly linked in
configure:10633: x86_64-poky-linux-gcc  -m64 -march=core2 -mtune=core2 -msse3 -mfpmath=sse --sysroot=/opt/poky/2.5/sysroots/core2-64-poky-linux -c -O2  conftest.c >&5
configure:10636: $? = 0
configure:10651: x86_64-poky-linux-gcc  -m64 -march=core2 -mtune=core2 -msse3 -mfpmath=sse --sysroot=/opt/poky/2.5/sysroots/core2-64-poky-linux -shared  -fPIC -DPIC conftest.o  -v -Wl,-soname -Wl,conftest -o conftest 2\>\&1 \| /usr/bin/grep  -lc  \>/dev/null 2\>\&1
configure:10654: $? = 0
configure:10668: result: no
configure:10828: checking dynamic linker characteristics
configure:11409: x86_64-poky-linux-gcc  -m64 -march=core2 -mtune=core2 -msse3 -mfpmath=sse --sysroot=/opt/poky/2.5/sysroots/core2-64-poky-linux -o conftest -O2  -Wl,-O1 -Wl,--hash-style=gnu -Wl,--as-needed -Wl,-rpath -Wl,/foo conftest.c  >&5
configure:11409: $? = 0
configure:11646: result: GNU/Linux ld.so
configure:11768: checking how to hardcode library paths into programs
configure:11793: result: immediate
configure:12341: checking whether stripping libraries is possible
configure:12346: result: yes
configure:12381: checking if libtool supports shared libraries
configure:12383: result: yes
configure:12386: checking whether to build shared libraries
configure:12411: result: yes
configure:12414: checking whether to build static libraries
configure:12418: result: yes
configure:12441: checking how to run the C++ preprocessor
configure:12468: x86_64-poky-linux-g++  -m64 -march=core2 -mtune=core2 -msse3 -mfpmath=sse --sysroot=/opt/poky/2.5/sysroots/core2-64-poky-linux -E  conftest.cpp
configure:12468: $? = 0
configure:12482: x86_64-poky-linux-g++  -m64 -march=core2 -mtune=core2 -msse3 -mfpmath=sse --sysroot=/opt/poky/2.5/sysroots/core2-64-poky-linux -E  conftest.cpp
conftest.cpp:23:10: fatal error: ac_nonexistent.h: No such file or directory
 #include <ac_nonexistent.h>
          ^~~~~~~~~~~~~~~~~~
compilation terminated.
configure:12482: $? = 1
configure: failed program was:
| /* confdefs.h */
| #define PACKAGE_NAME "my-plugin-package"
| #define PACKAGE_TARNAME "my-plugin-package"
| #define PACKAGE_VERSION "1.0.0"
| #define PACKAGE_STRING "my-plugin-package 1.0.0"
| #define PACKAGE_BUGREPORT ""
| #define PACKAGE_URL ""
| #define PACKAGE "my-plugin-package"
| #define VERSION "1.0.0"
| #define STDC_HEADERS 1
| #define HAVE_SYS_TYPES_H 1
| #define HAVE_SYS_STAT_H 1
| #define HAVE_STDLIB_H 1
| #define HAVE_STRING_H 1
| #define HAVE_MEMORY_H 1
| #define HAVE_STRINGS_H 1
| #define HAVE_INTTYPES_H 1
| #define HAVE_STDINT_H 1
| #define HAVE_UNISTD_H 1
| #define HAVE_DLFCN_H 1
| #define LT_OBJDIR ".libs/"
| /* end confdefs.h.  */
| #include <ac_nonexistent.h>
configure:12507: result: x86_64-poky-linux-g++  -m64 -march=core2 -mtune=core2 -msse3 -mfpmath=sse --sysroot=/opt/poky/2.5/sysroots/core2-64-poky-linux -E
configure:12527: x86_64-poky-linux-g++  -m64 -march=core2 -mtune=core2 -msse3 -mfpmath=sse --sysroot=/opt/poky/2.5/sysroots/core2-64-poky-linux -E  conftest.cpp
configure:12527: $? = 0
configure:12541: x86_64-poky-linux-g++  -m64 -march=core2 -mtune=core2 -msse3 -mfpmath=sse --sysroot=/opt/poky/2.5/sysroots/core2-64-poky-linux -E  conftest.cpp
conftest.cpp:23:10: fatal error: ac_nonexistent.h: No such file or directory
 #include <ac_nonexistent.h>
          ^~~~~~~~~~~~~~~~~~
compilation terminated.
configure:12541: $? = 1
configure: failed program was:
| /* confdefs.h */
| #define PACKAGE_NAME "my-plugin-package"
| #define PACKAGE_TARNAME "my-plugin-package"
| #define PACKAGE_VERSION "1.0.0"
| #define PACKAGE_STRING "my-plugin-package 1.0.0"
| #define PACKAGE_BUGREPORT ""
| #define PACKAGE_URL ""
| #define PACKAGE "my-plugin-package"
| #define VERSION "1.0.0"
| #define STDC_HEADERS 1
| #define HAVE_SYS_TYPES_H 1
| #define HAVE_SYS_STAT_H 1
| #define HAVE_STDLIB_H 1
| #define HAVE_STRING_H 1
| #define HAVE_MEMORY_H 1
| #define HAVE_STRINGS_H 1
| #define HAVE_INTTYPES_H 1
| #define HAVE_STDINT_H 1
| #define HAVE_UNISTD_H 1
| #define HAVE_DLFCN_H 1
| #define LT_OBJDIR ".libs/"
| /* end confdefs.h.  */
| #include <ac_nonexistent.h>
configure:12703: checking for ld used by x86_64-poky-linux-g++  -m64 -march=core2 -mtune=core2 -msse3 -mfpmath=sse --sysroot=/opt/poky/2.5/sysroots/core2-64-poky-linux
configure:12770: result: x86_64-poky-linux-ld   --sysroot=/opt/poky/2.5/sysroots/core2-64-poky-linux -m elf_x86_64
configure:12777: checking if the linker (x86_64-poky-linux-ld   --sysroot=/opt/poky/2.5/sysroots/core2-64-poky-linux -m elf_x86_64) is GNU ld
configure:12792: result: yes
configure:12847: checking whether the x86_64-poky-linux-g++  -m64 -march=core2 -mtune=core2 -msse3 -mfpmath=sse --sysroot=/opt/poky/2.5/sysroots/core2-64-poky-linux linker (x86_64-poky-linux-ld   --sysroot=/opt/poky/2.5/sysroots/core2-64-poky-linux -m elf_x86_64) supports shared libraries
configure:13920: result: yes
configure:13956: x86_64-poky-linux-g++  -m64 -march=core2 -mtune=core2 -msse3 -mfpmath=sse --sysroot=/opt/poky/2.5/sysroots/core2-64-poky-linux -c -O2  conftest.cpp >&5
configure:13959: $? = 0
configure:14440: checking for x86_64-poky-linux-g++  -m64 -march=core2 -mtune=core2 -msse3 -mfpmath=sse --sysroot=/opt/poky/2.5/sysroots/core2-64-poky-linux option to produce PIC
configure:14447: result: -fPIC -DPIC
configure:14455: checking if x86_64-poky-linux-g++  -m64 -march=core2 -mtune=core2 -msse3 -mfpmath=sse --sysroot=/opt/poky/2.5/sysroots/core2-64-poky-linux PIC flag -fPIC -DPIC works
configure:14473: x86_64-poky-linux-g++  -m64 -march=core2 -mtune=core2 -msse3 -mfpmath=sse --sysroot=/opt/poky/2.5/sysroots/core2-64-poky-linux -c -O2  -fPIC -DPIC -DPIC conftest.cpp >&5
configure:14477: $? = 0
configure:14490: result: yes
configure:14513: checking if x86_64-poky-linux-g++  -m64 -march=core2 -mtune=core2 -msse3 -mfpmath=sse --sysroot=/opt/poky/2.5/sysroots/core2-64-poky-linux static flag -static works
configure:14541: result: no
configure:14553: checking if x86_64-poky-linux-g++  -m64 -march=core2 -mtune=core2 -msse3 -mfpmath=sse --sysroot=/opt/poky/2.5/sysroots/core2-64-poky-linux supports -c -o file.o
configure:14574: x86_64-poky-linux-g++  -m64 -march=core2 -mtune=core2 -msse3 -mfpmath=sse --sysroot=/opt/poky/2.5/sysroots/core2-64-poky-linux -c -O2  -o out/conftest2.o conftest.cpp >&5
configure:14578: $? = 0
configure:14600: result: yes
configure:14605: checking if x86_64-poky-linux-g++  -m64 -march=core2 -mtune=core2 -msse3 -mfpmath=sse --sysroot=/opt/poky/2.5/sysroots/core2-64-poky-linux supports -c -o file.o
configure:14652: result: yes
configure:14682: checking whether the x86_64-poky-linux-g++  -m64 -march=core2 -mtune=core2 -msse3 -mfpmath=sse --sysroot=/opt/poky/2.5/sysroots/core2-64-poky-linux linker (x86_64-poky-linux-ld   --sysroot=/opt/poky/2.5/sysroots/core2-64-poky-linux -m elf_x86_64) supports shared libraries
configure:14722: result: yes
configure:14863: checking dynamic linker characteristics
configure:15608: result: GNU/Linux ld.so
configure:15673: checking how to hardcode library paths into programs
configure:15698: result: immediate
configure:15762: checking for pkg-config
configure:15778: found /opt/poky/2.5/sysroots/x86_64-pokysdk-linux/usr/bin/pkg-config
configure:15792: result:  
configure:15885: checking ICamera.h usability
configure:15885: x86_64-poky-linux-g++  -m64 -march=core2 -mtune=core2 -msse3 -mfpmath=sse --sysroot=/opt/poky/2.5/sysroots/core2-64-poky-linux -c -O2  -I/opt/poky/2.5/sysroots/core2-64-poky-linux/usr/include/libcamhal/api -I/opt/poky/2.5/sysroots/core2-64-poky-linux/usr/include/libcamhal -I/opt/poky/2.5/sysroots/core2-64-poky-linux/usr/include/libcamhal/utils -I/home/jiangxiaoyu/jiangxiaoyu/git/MR4_RELEASE/camera/out/iotg/install/include/api  -I/home/jiangxiaoyu/jiangxiaoyu/git/MR4_RELEASE/camera/out/iotg/install/include/utils -I/home/jiangxiaoyu/jiangxiaoyu/git/MR4_RELEASE/camera/out/iotg/install/include conftest.cpp >&5
configure:15885: $? = 0
configure:15885: result: yes
configure:15885: checking ICamera.h presence
configure:15885: x86_64-poky-linux-g++  -m64 -march=core2 -mtune=core2 -msse3 -mfpmath=sse --sysroot=/opt/poky/2.5/sysroots/core2-64-poky-linux -E  -I/opt/poky/2.5/sysroots/core2-64-poky-linux/usr/include/libcamhal/api -I/opt/poky/2.5/sysroots/core2-64-poky-linux/usr/include/libcamhal -I/opt/poky/2.5/sysroots/core2-64-poky-linux/usr/include/libcamhal/utils -I/home/jiangxiaoyu/jiangxiaoyu/git/MR4_RELEASE/camera/out/iotg/install/include/api  -I/home/jiangxiaoyu/jiangxiaoyu/git/MR4_RELEASE/camera/out/iotg/install/include/utils -I/home/jiangxiaoyu/jiangxiaoyu/git/MR4_RELEASE/camera/out/iotg/install/include conftest.cpp
configure:15885: $? = 0
configure:15885: result: yes
configure:15885: checking for ICamera.h
configure:15885: result: yes
configure:15923: checking for x86_64-poky-linux-pkg-config
configure:15956: result: no
configure:15966: checking for pkg-config
configure:15984: found /opt/poky/2.5/sysroots/x86_64-pokysdk-linux/usr/bin/pkg-config
configure:15996: result: /opt/poky/2.5/sysroots/x86_64-pokysdk-linux/usr/bin/pkg-config
configure:16021: checking pkg-config is at least version 0.9.0
configure:16024: result: yes
configure:16132: checking for _init in -lcamhal
configure:16157: x86_64-poky-linux-g++  -m64 -march=core2 -mtune=core2 -msse3 -mfpmath=sse --sysroot=/opt/poky/2.5/sysroots/core2-64-poky-linux -o conftest -O2  -I/opt/poky/2.5/sysroots/core2-64-poky-linux/usr/include/libcamhal/api -I/opt/poky/2.5/sysroots/core2-64-poky-linux/usr/include/libcamhal -I/opt/poky/2.5/sysroots/core2-64-poky-linux/usr/include/libcamhal/utils -I/home/jiangxiaoyu/jiangxiaoyu/git/MR4_RELEASE/camera/out/iotg/install/include/api  -I/home/jiangxiaoyu/jiangxiaoyu/git/MR4_RELEASE/camera/out/iotg/install/include/utils -I/home/jiangxiaoyu/jiangxiaoyu/git/MR4_RELEASE/camera/out/iotg/install/include -Wl,-O1 -Wl,--hash-style=gnu -Wl,--as-needed -L/usr/lib64 -L/usr/lib -L/home/jiangxiaoyu/jiangxiaoyu/git/MR4_RELEASE/camera/out/iotg/install/lib conftest.cpp -lcamhal   >&5
/opt/poky/2.5/sysroots/x86_64-pokysdk-linux/usr/libexec/x86_64-poky-linux/gcc/x86_64-poky-linux/7.3.0/real-ld: warning: library search path "/usr/lib64" is unsafe for cross-compilation
/opt/poky/2.5/sysroots/x86_64-pokysdk-linux/usr/libexec/x86_64-poky-linux/gcc/x86_64-poky-linux/7.3.0/real-ld: warning: library search path "/usr/lib" is unsafe for cross-compilation
configure:16157: $? = 0
configure:16166: result: yes
configure:16199: checking for
  gstreamer-1.0 >= 1.0.0
  gstreamer-base-1.0 >= 1.0.0
  gstreamer-controller-1.0 >= 1.0.0

configure:16316: result: yes
configure:16324: checking to see if compiler understands -Wall
configure:16339: x86_64-poky-linux-gcc  -m64 -march=core2 -mtune=core2 -msse3 -mfpmath=sse --sysroot=/opt/poky/2.5/sysroots/core2-64-poky-linux -c -O2 -Wall  -I/opt/poky/2.5/sysroots/core2-64-poky-linux/usr/include/libcamhal/api -I/opt/poky/2.5/sysroots/core2-64-poky-linux/usr/include/libcamhal -I/opt/poky/2.5/sysroots/core2-64-poky-linux/usr/include/libcamhal/utils -I/home/jiangxiaoyu/jiangxiaoyu/git/MR4_RELEASE/camera/out/iotg/install/include/api  -I/home/jiangxiaoyu/jiangxiaoyu/git/MR4_RELEASE/camera/out/iotg/install/include/utils -I/home/jiangxiaoyu/jiangxiaoyu/git/MR4_RELEASE/camera/out/iotg/install/include conftest.c >&5
configure:16339: $? = 0
configure:16342: result: yes
configure:16495: creating ./config.status

## ---------------------- ##
## Running config.status. ##
## ---------------------- ##

This file was extended by my-plugin-package config.status 1.0.0, which was
generated by GNU Autoconf 2.69.  Invocation command line was

  CONFIG_FILES    = 
  CONFIG_HEADERS  = 
  CONFIG_LINKS    = 
  CONFIG_COMMANDS = 
  $ ./config.status 

on jiangxiaoyu-HP-Z230-SFF-Workstation

config.status:1148: creating Makefile
config.status:1148: creating src/Makefile
config.status:1148: creating src/interfaces/Makefile
config.status:1148: creating config.h
config.status:1377: executing depfiles commands
config.status:1377: executing libtool commands

## ---------------- ##
## Cache variables. ##
## ---------------- ##

ac_cv___va_copy=yes
ac_cv_af_unix_large_dgram=yes
ac_cv_alignof_CORBA_boolean=1
ac_cv_alignof_CORBA_char=1
ac_cv_alignof_CORBA_double=8
ac_cv_alignof_CORBA_float=4
ac_cv_alignof_CORBA_long=4
ac_cv_alignof_CORBA_long_double=8
ac_cv_alignof_CORBA_long_long=8
ac_cv_alignof_CORBA_octet=1
ac_cv_alignof_CORBA_pointer=8
ac_cv_alignof_CORBA_short=2
ac_cv_alignof_CORBA_struct=1
ac_cv_alignof_CORBA_wchar=2
ac_cv_alignof_char=1
ac_cv_alignof_dbind_pointer=8
ac_cv_alignof_dbind_struct=1
ac_cv_alignof_dbus_bool_t=4
ac_cv_alignof_dbus_int16_t=2
ac_cv_alignof_dbus_int32_t=4
ac_cv_alignof_dbus_int64_t=8
ac_cv_alignof_double=8
ac_cv_alignof_guint32=4
ac_cv_alignof_guint64=8
ac_cv_alignof_unsigned_long=8
ac_cv_buggy_getaddrinfo=no
ac_cv_build=x86_64-pc-linux-gnu
ac_cv_c_bigendian=no
ac_cv_c_compiler_gnu=yes
ac_cv_c_endian=little
ac_cv_c_littleendian=yes
ac_cv_check_sjlj=ssjlj
ac_cv_conv_longlong_to_float=yes
ac_cv_cxx_compiler_gnu=yes
ac_cv_env_CCC_set=
ac_cv_env_CCC_value=
ac_cv_env_CC_set=set
ac_cv_env_CC_value='x86_64-poky-linux-gcc  -m64 -march=core2 -mtune=core2 -msse3 -mfpmath=sse --sysroot=/opt/poky/2.5/sysroots/core2-64-poky-linux'
ac_cv_env_CFLAGS_set=set
ac_cv_env_CFLAGS_value=-O2
ac_cv_env_CPPFLAGS_set=set
ac_cv_env_CPPFLAGS_value=
ac_cv_env_CPP_set=set
ac_cv_env_CPP_value='x86_64-poky-linux-gcc -E  -m64 -march=core2 -mtune=core2 -msse3 -mfpmath=sse --sysroot=/opt/poky/2.5/sysroots/core2-64-poky-linux'
ac_cv_env_CXXCPP_set=
ac_cv_env_CXXCPP_value=
ac_cv_env_CXXFLAGS_set=set
ac_cv_env_CXXFLAGS_value=-O2
ac_cv_env_CXX_set=set
ac_cv_env_CXX_value='x86_64-poky-linux-g++  -m64 -march=core2 -mtune=core2 -msse3 -mfpmath=sse --sysroot=/opt/poky/2.5/sysroots/core2-64-poky-linux'
ac_cv_env_DEFAULT_CAMERA_set=set
ac_cv_env_DEFAULT_CAMERA_value=0
ac_cv_env_GST_CFLAGS_set=set
ac_cv_env_GST_CFLAGS_value='-I/opt/poky/2.5/sysroots/core2-64-poky-linux/usr/include/gstreamer-1.0 -I/opt/poky/2.5/sysroots/core2-64-poky-linux/usr/lib/gstreamer-1.0/include             -I/opt/poky/2.5/sysroots/core2-64-poky-linux/usr/include/glib-2.0 -I/opt/poky/2.5/sysroots/core2-64-poky-linux/usr/lib/glib-2.0/include'
ac_cv_env_GST_LIBS_set=set
ac_cv_env_GST_LIBS_value='-L/opt/poky/2.5/sysroots/core2-64-poky-linux/usr/lib -lgstvideo-1.0 -lgstbase-1.0 -lgstreamer-1.0 -lgobject-2.0 -lglib-2.0 -lgstallocators-1.0 -lgstapp-1.0'
ac_cv_env_LDFLAGS_set=set
ac_cv_env_LDFLAGS_value='-Wl,-O1 -Wl,--hash-style=gnu -Wl,--as-needed'
ac_cv_env_LIBS_set=
ac_cv_env_LIBS_value=
ac_cv_env_LIBUTILS_CFLAGS_set=
ac_cv_env_LIBUTILS_CFLAGS_value=
ac_cv_env_LIBUTILS_LIBS_set=
ac_cv_env_LIBUTILS_LIBS_value=
ac_cv_env_LT_SYS_LIBRARY_PATH_set=
ac_cv_env_LT_SYS_LIBRARY_PATH_value=
ac_cv_env_PKG_CONFIG_LIBDIR_set=
ac_cv_env_PKG_CONFIG_LIBDIR_value=
ac_cv_env_PKG_CONFIG_PATH_set=set
ac_cv_env_PKG_CONFIG_PATH_value=/home/jiangxiaoyu/jiangxiaoyu/git/MR4_RELEASE/camera/out/iotg/install/lib/pkgconfig:/opt/poky/2.5/sysroots/core2-64-poky-linux/usr/lib/pkgconfig:/opt/poky/2.5/sysroots/core2-64-poky-linux/usr/share/pkgconfig:
ac_cv_env_PKG_CONFIG_set=
ac_cv_env_PKG_CONFIG_value=
ac_cv_env_build_alias_set=set
ac_cv_env_build_alias_value=x86_64-linux
ac_cv_env_host_alias_set=set
ac_cv_env_host_alias_value=x86_64-poky-linux
ac_cv_env_target_alias_set=set
ac_cv_env_target_alias_value=x86_64-poky-linux
ac_cv_epoll_works=yes
ac_cv_file__dev_random=yes
ac_cv_file__dev_zero=yes
ac_cv_func___ashldi3=no
ac_cv_func___ashrdi3=no
ac_cv_func___bswapdi2=no
ac_cv_func___bswapsi2=no
ac_cv_func___lshrdi3=no
ac_cv_func___trampoline_setup=no
ac_cv_func___ucmpdi2=no
ac_cv_func___va_copy=yes
ac_cv_func__restgpr_14_x=no
ac_cv_func_getaddrinfo=yes
ac_cv_func_getgrgid_r=yes
ac_cv_func_getpagesize=yes
ac_cv_func_getpgrp_void=yes
ac_cv_func_getpwuid_r=yes
ac_cv_func_lstat_dereferences_slashed_symlink=yes
ac_cv_func_lstat_empty_string_bug=no
ac_cv_func_malloc_0_nonnull=yes
ac_cv_func_malloc_works=yes
ac_cv_func_memcmp_working=yes
ac_cv_func_memcpy=yes
ac_cv_func_mmap_fixed_mapped=yes
ac_cv_func_posix_getgrgid_r=yes
ac_cv_func_posix_getpwnam_r=yes
ac_cv_func_posix_getpwuid_r=yes
ac_cv_func_printf_unix98=yes
ac_cv_func_pthread_attr_getstack=yes
ac_cv_func_pthread_key_delete=yes
ac_cv_func_realloc_0_nonnull=yes
ac_cv_func_realloc_works=yes
ac_cv_func_setgrent_void=yes
ac_cv_func_setpgrp_void=yes
ac_cv_func_setresuid=yes
ac_cv_func_setvbuf_reversed=no
ac_cv_func_snprintf_c99=yes
ac_cv_func_stat_empty_string_bug=no
ac_cv_func_stat_ignores_trailing_slash=no
ac_cv_func_strerror=yes
ac_cv_func_va_copy=yes
ac_cv_func_vsnprintf_c99=yes
ac_cv_have_abstract_sockets=yes
ac_cv_have_decl_sys_siglist=yes
ac_cv_have_long_long_format=yes
ac_cv_header_ICamera_h=yes
ac_cv_header_dlfcn_h=yes
ac_cv_header_inttypes_h=yes
ac_cv_header_memory_h=yes
ac_cv_header_stdc=yes
ac_cv_header_stdint_h=yes
ac_cv_header_stdlib_h=yes
ac_cv_header_string_h=yes
ac_cv_header_strings_h=yes
ac_cv_header_sys_stat_h=yes
ac_cv_header_sys_types_h=yes
ac_cv_header_unistd_h=yes
ac_cv_host=x86_64-poky-linux-gnu
ac_cv_lib_camhal__init=yes
ac_cv_lib_m_sin=yes
ac_cv_libnet_endianess=lil
ac_cv_linux_vers=2
ac_cv_need_trio=no
ac_cv_o_nonblock_inherited=no
ac_cv_objext=o
ac_cv_path_EGREP='/usr/bin/grep -E'
ac_cv_path_FGREP='/usr/bin/grep -F'
ac_cv_path_GREP=/usr/bin/grep
ac_cv_path_SED=sed
ac_cv_path_ac_pt_PKG_CONFIG=/opt/poky/2.5/sysroots/x86_64-pokysdk-linux/usr/bin/pkg-config
ac_cv_path_install='/usr/bin/install -c'
ac_cv_path_lt_DD=/usr/bin/dd
ac_cv_path_mkdir=/usr/bin/mkdir
ac_cv_prog_AR=x86_64-poky-linux-ar
ac_cv_prog_AWK=mawk
ac_cv_prog_CC='x86_64-poky-linux-gcc  -m64 -march=core2 -mtune=core2 -msse3 -mfpmath=sse --sysroot=/opt/poky/2.5/sysroots/core2-64-poky-linux'
ac_cv_prog_CPP='x86_64-poky-linux-gcc -E  -m64 -march=core2 -mtune=core2 -msse3 -mfpmath=sse --sysroot=/opt/poky/2.5/sysroots/core2-64-poky-linux'
ac_cv_prog_CXXCPP='x86_64-poky-linux-g++  -m64 -march=core2 -mtune=core2 -msse3 -mfpmath=sse --sysroot=/opt/poky/2.5/sysroots/core2-64-poky-linux -E'
ac_cv_prog_HAVE_PKGCONFIG=' '
ac_cv_prog_OBJDUMP=x86_64-poky-linux-objdump
ac_cv_prog_RANLIB=x86_64-poky-linux-ranlib
ac_cv_prog_STRIP=x86_64-poky-linux-strip
ac_cv_prog_ac_ct_MANIFEST_TOOL=mt
ac_cv_prog_cc_c89=
ac_cv_prog_cc_g=yes
ac_cv_prog_cxx_g=yes
ac_cv_prog_make_make_set=yes
ac_cv_sizeof___int64=0
ac_cv_sizeof_char=1
ac_cv_sizeof_dev_t=8
ac_cv_sizeof_gid_t=4
ac_cv_sizeof_int=4
ac_cv_sizeof_long=8
ac_cv_sizeof_long_double=16
ac_cv_sizeof_long_int=8
ac_cv_sizeof_long_long=8
ac_cv_sizeof_pid_t=4
ac_cv_sizeof_short=2
ac_cv_sizeof_short_int=2
ac_cv_sizeof_size_t=8
ac_cv_sizeof_uid_t=4
ac_cv_sizeof_unsigned_int=4
ac_cv_sizeof_unsigned_long=8
ac_cv_sizeof_unsigned_short=2
ac_cv_sizeof_void_p=8
ac_cv_strerror_r_SUSv3=no
ac_cv_sys_restartable_syscalls=yes
ac_cv_type_uid_t='{ac_cv_type_uid_t=yes}'
ac_cv_va_copy=yes
ac_cv_va_val_copy=no
am_cv_CC_dependencies_compiler_type=gcc3
am_cv_CXX_dependencies_compiler_type=gcc3
am_cv_func_working_getline=yes
am_cv_make_support_nested_variables=yes
am_cv_prog_cc_c_o=yes
am_cv_scanf_lld=yes
apr_cv_process_shared_works=no
apr_cv_tcp_nodelay_with_cork=yes
as_cv_unaligned_access=yes
bash_cv_dup2_broken=no
bash_cv_func_sigsetjmp=present
bash_cv_func_strcoll_broken=no
bash_cv_getcwd_calls_popen=no
bash_cv_getcwd_malloc=yes
bash_cv_getenv_redef=yes
bash_cv_have_mbstate_t=yes
bash_cv_job_control_missing=present
bash_cv_must_reinstall_sighandlers=no
bash_cv_opendir_not_robust=no
bash_cv_pgrp_pipe=no
bash_cv_printf_a_format=yes
bash_cv_sys_named_pipes=present
bash_cv_sys_siglist=yes
bash_cv_type_rlimit=rlim_t
bash_cv_ulimit_maxfds=yes
bash_cv_under_sys_siglist=yes
bash_cv_unusable_rtsigs=no
cvs_cv_func_printf_ptr=yes
db_cv_align_t='unsigned long long'
db_cv_alignp_t='unsigned long long'
db_cv_fcntl_f_setfd=yes
db_cv_path_ar=/usr/bin/ar
db_cv_path_chmod=/bin/chmod
db_cv_path_cp=/bin/cp
db_cv_path_ln=/bin/ln
db_cv_path_mkdir=/bin/mkdir
db_cv_path_ranlib=/usr/bin/ranlib
db_cv_path_rm=/bin/rm
db_cv_path_sh=/bin/sh
db_cv_path_strip=/usr/bin/strip
db_cv_sprintf_count=yes
fu_cv_sys_stat_statfs2_bsize=yes
gl_cv_func_btowc_eof=yes
gl_cv_func_fstatat_zero_flag=yes
gl_cv_func_mbrtowc_incomplete_state=yes
gl_cv_func_mbrtowc_nul_retval=yes
gl_cv_func_mbrtowc_null_arg=yes
gl_cv_func_mbrtowc_retval=yes
gl_cv_func_mbrtowc_sanitycheck=yes
gl_cv_func_sleep_works=yes
gl_cv_func_wcrtomb_retval=yes
gl_cv_func_wctob_works=yes
gl_cv_have_proc_uptime=yes
gl_cv_header_working_fcntl_h=yes
glib_cv___va_copy=yes
glib_cv_compliant_posix_memalign=1
glib_cv_has__inline=yes
glib_cv_has__inline__=yes
glib_cv_hasinline=yes
glib_cv_have_qsort_r=yes
glib_cv_long_long_format=ll
glib_cv_rtldglobal_broken=yes
glib_cv_sane_realloc=yes
glib_cv_sizeof_gmutex=40
glib_cv_sizeof_intmax_t=8
glib_cv_sizeof_ptrdiff_t=8
glib_cv_sizeof_size_t=8
glib_cv_sizeof_system_thread=8
glib_cv_stack_grows=no
glib_cv_strlcpy=no
glib_cv_sys_pthread_cond_timedwait_posix=yes
glib_cv_sys_pthread_getspecific_posix=yes
glib_cv_sys_pthread_mutex_trylock_posix=yes
glib_cv_uscore=no
glib_cv_va_copy=yes
glib_cv_va_val_copy=no
gt_cv_locale_fr=fr_FR
hw_cv_func_snprintf_c99=yes
hw_cv_func_vsnprintf_c99=yes
lf_cv_sane_realloc=yes
lftp_cv_va_val_copy=no
libIDL_cv_long_long_format=ll
lt_cv_ar_at_file=@
lt_cv_archive_cmds_need_lc=no
lt_cv_deplibs_check_method=pass_all
lt_cv_file_magic_cmd='$MAGIC_CMD'
lt_cv_file_magic_test_file=
lt_cv_ld_reload_flag=-r
lt_cv_nm_interface='BSD nm'
lt_cv_objdir=.libs
lt_cv_path_LD='x86_64-poky-linux-ld   --sysroot=/opt/poky/2.5/sysroots/core2-64-poky-linux'
lt_cv_path_LDCXX='x86_64-poky-linux-ld   --sysroot=/opt/poky/2.5/sysroots/core2-64-poky-linux -m elf_x86_64'
lt_cv_path_NM=x86_64-poky-linux-nm
lt_cv_path_mainfest_tool=no
lt_cv_prog_compiler_c_o=yes
lt_cv_prog_compiler_c_o_CXX=yes
lt_cv_prog_compiler_pic='-fPIC -DPIC'
lt_cv_prog_compiler_pic_CXX='-fPIC -DPIC'
lt_cv_prog_compiler_pic_works=yes
lt_cv_prog_compiler_pic_works_CXX=yes
lt_cv_prog_compiler_rtti_exceptions=no
lt_cv_prog_compiler_static_works=no
lt_cv_prog_compiler_static_works_CXX=no
lt_cv_prog_gnu_ld=yes
lt_cv_prog_gnu_ldcxx=yes
lt_cv_sharedlib_from_linklib_cmd='printf %s\n'
lt_cv_shlibpath_overrides_runpath=no
lt_cv_sys_global_symbol_pipe='sed -n -e '\''s/^.*[	 ]\([ABCDGIRSTW][ABCDGIRSTW]*\)[	 ][	 ]*\([_A-Za-z][_A-Za-z0-9]*\)$/\1 \2 \2/p'\'' | sed '\''/ __gnu_lto/d'\'''
lt_cv_sys_global_symbol_to_c_name_address='sed -n -e '\''s/^: \(.*\) .*$/  {"\1", (void *) 0},/p'\'' -e '\''s/^[ABCDGIRSTW][ABCDGIRSTW]* .* \(.*\)$/  {"\1", (void *) \&\1},/p'\'''
lt_cv_sys_global_symbol_to_c_name_address_lib_prefix='sed -n -e '\''s/^: \(.*\) .*$/  {"\1", (void *) 0},/p'\'' -e '\''s/^[ABCDGIRSTW][ABCDGIRSTW]* .* \(lib.*\)$/  {"\1", (void *) \&\1},/p'\'' -e '\''s/^[ABCDGIRSTW][ABCDGIRSTW]* .* \(.*\)$/  {"lib\1", (void *) \&\1},/p'\'''
lt_cv_sys_global_symbol_to_cdecl='sed -n -e '\''s/^T .* \(.*\)$/extern int \1();/p'\'' -e '\''s/^[ABCDGIRSTW][ABCDGIRSTW]* .* \(.*\)$/extern char \1;/p'\'''
lt_cv_sys_global_symbol_to_import=
lt_cv_sys_max_cmd_len=1572864
lt_cv_to_host_file_cmd=func_convert_file_noop
lt_cv_to_tool_file_cmd=func_convert_file_noop
lt_cv_truncate_bin='/usr/bin/dd bs=4096 count=1'
mr_cv_target_elf=yes
nano_cv_func_regexec_segv_emptystr=no
nfsd_cv_broken_setfsuid=0
nfsd_cv_bsd_signals=yes
nfsd_cv_func_statfs=statfs2_bsize
pkg_cv_GST_CFLAGS='-I/opt/poky/2.5/sysroots/core2-64-poky-linux/usr/include/gstreamer-1.0 -I/opt/poky/2.5/sysroots/core2-64-poky-linux/usr/lib/gstreamer-1.0/include             -I/opt/poky/2.5/sysroots/core2-64-poky-linux/usr/include/glib-2.0 -I/opt/poky/2.5/sysroots/core2-64-poky-linux/usr/lib/glib-2.0/include'
pkg_cv_GST_LIBS='-L/opt/poky/2.5/sysroots/core2-64-poky-linux/usr/lib -lgstvideo-1.0 -lgstbase-1.0 -lgstreamer-1.0 -lgobject-2.0 -lglib-2.0 -lgstallocators-1.0 -lgstapp-1.0'
rsync_cv_HAVE_C99_VSNPRINTF=yes
samba_cv_HAVE_IFACE_AIX=no
samba_cv_HAVE_IFACE_IFCONF=yes
samba_cv_HAVE_IFACE_IFREQ=yes
samba_cv_HAVE_IRIX_SPECIFIC_CAPABILITIES=no
samba_cv_HAVE_VA_COPY=yes
screen_cv_sys_bcopy_overlap=no
screen_cv_sys_fifo_broken_impl=yes
screen_cv_sys_fifo_usable=yes
screen_cv_sys_memcpy_overlap=no
screen_cv_sys_memmove_overlap=no
screen_cv_sys_select_broken_retval=no
screen_cv_sys_sockets_nofs=no
screen_cv_sys_sockets_usable=yes
screen_cv_sys_terminfo_used=yes
shadow_cv_logdir='${prefix}/var/log'
shadow_cv_maildir='${prefix}/var/spool/mail'
shadow_cv_mailfile=Mailbox
shadow_cv_passwd_dir='${exec_prefix}/bin'
shadow_cv_utmpdir='${prefix}/var/run'
slrn_cv_va_val_copy=no
sudo_cv_func_unsetenv_void=no
tcl_cv_api_serial=termios
utils_cv_sys_open_max=1015
xorg_cv_malloc0_returns_null=yes

## ----------------- ##
## Output variables. ##
## ----------------- ##

ACLOCAL='${SHELL} /home/jiangxiaoyu/jiangxiaoyu/git/MR4_RELEASE/camera/icamerasrc/missing aclocal-1.15'
AMDEPBACKSLASH='\'
AMDEP_FALSE='#'
AMDEP_TRUE=''
AMTAR='$${TAR-tar}'
AM_BACKSLASH='\'
AM_DEFAULT_V='$(AM_DEFAULT_VERBOSITY)'
AM_DEFAULT_VERBOSITY='1'
AM_V='$(V)'
AR='x86_64-poky-linux-ar'
AUTOCONF='${SHELL} /home/jiangxiaoyu/jiangxiaoyu/git/MR4_RELEASE/camera/icamerasrc/missing autoconf'
AUTOHEADER='${SHELL} /home/jiangxiaoyu/jiangxiaoyu/git/MR4_RELEASE/camera/icamerasrc/missing autoheader'
AUTOMAKE='${SHELL} /home/jiangxiaoyu/jiangxiaoyu/git/MR4_RELEASE/camera/icamerasrc/missing automake-1.15'
AWK='mawk'
CC='x86_64-poky-linux-gcc  -m64 -march=core2 -mtune=core2 -msse3 -mfpmath=sse --sysroot=/opt/poky/2.5/sysroots/core2-64-poky-linux'
CCDEPMODE='depmode=gcc3'
CFLAGS='-O2 -Wall'
CPP='x86_64-poky-linux-gcc -E  -m64 -march=core2 -mtune=core2 -msse3 -mfpmath=sse --sysroot=/opt/poky/2.5/sysroots/core2-64-poky-linux'
CPPFLAGS=' -I/opt/poky/2.5/sysroots/core2-64-poky-linux/usr/include/libcamhal/api -I/opt/poky/2.5/sysroots/core2-64-poky-linux/usr/include/libcamhal -I/opt/poky/2.5/sysroots/core2-64-poky-linux/usr/include/libcamhal/utils -I/home/jiangxiaoyu/jiangxiaoyu/git/MR4_RELEASE/camera/out/iotg/install/include/api  -I/home/jiangxiaoyu/jiangxiaoyu/git/MR4_RELEASE/camera/out/iotg/install/include/utils -I/home/jiangxiaoyu/jiangxiaoyu/git/MR4_RELEASE/camera/out/iotg/install/include'
CXX='x86_64-poky-linux-g++  -m64 -march=core2 -mtune=core2 -msse3 -mfpmath=sse --sysroot=/opt/poky/2.5/sysroots/core2-64-poky-linux'
CXXCPP='x86_64-poky-linux-g++  -m64 -march=core2 -mtune=core2 -msse3 -mfpmath=sse --sysroot=/opt/poky/2.5/sysroots/core2-64-poky-linux -E'
CXXDEPMODE='depmode=gcc3'
CXXFLAGS='-O2'
CYGPATH_W='echo'
DEFAULT_CAMERA='0'
DEFAULT_PROP_DEVICE_ID='0'
DEFS='-DHAVE_CONFIG_H'
DEPDIR='.deps'
DLLTOOL='false'
DSYMUTIL=''
DUMPBIN=''
ECHO_C=''
ECHO_N='-n'
ECHO_T=''
EGREP='/usr/bin/grep -E'
EXEEXT=''
FGREP='/usr/bin/grep -F'
GREP='/usr/bin/grep'
GST_API_VERSION='1.0'
GST_CFLAGS='-I/opt/poky/2.5/sysroots/core2-64-poky-linux/usr/include/gstreamer-1.0 -I/opt/poky/2.5/sysroots/core2-64-poky-linux/usr/lib/gstreamer-1.0/include             -I/opt/poky/2.5/sysroots/core2-64-poky-linux/usr/include/glib-2.0 -I/opt/poky/2.5/sysroots/core2-64-poky-linux/usr/lib/glib-2.0/include -Wall'
GST_LIBS='-L/opt/poky/2.5/sysroots/core2-64-poky-linux/usr/lib -lgstvideo-1.0 -lgstbase-1.0 -lgstreamer-1.0 -lgobject-2.0 -lglib-2.0 -lgstallocators-1.0 -lgstapp-1.0'
GST_LICENSE='LGPL'
GST_PACKAGE_NAME='Gstreamer'
GST_PACKAGE_ORIGIN='https://developer.gnome.org/gstreamer/'
GST_PLUGIN_LDFLAGS='-module -avoid-version -export-symbols-regex _*\(gst_\|Gst\|GST_\).*'
HAL_LIB='-lcamhal'
HAVE_PKGCONFIG=' '
INSTALL_DATA='${INSTALL} -m 644'
INSTALL_PROGRAM='${INSTALL}'
INSTALL_SCRIPT='${INSTALL}'
INSTALL_STRIP_PROGRAM='$(install_sh) -c -s'
LD='x86_64-poky-linux-ld   --sysroot=/opt/poky/2.5/sysroots/core2-64-poky-linux -m elf_x86_64'
LDFLAGS='-Wl,-O1 -Wl,--hash-style=gnu -Wl,--as-needed -L/usr/lib64 -L/usr/lib -L/home/jiangxiaoyu/jiangxiaoyu/git/MR4_RELEASE/camera/out/iotg/install/lib'
LIBOBJS=''
LIBS='-lcamhal '
LIBTOOL='$(top_builddir)/x86_64-poky-linux-libtool'
LIBUTILS_CFLAGS=''
LIBUTILS_LIBS=''
LIPO=''
LN_S='ln -s'
LTLIBOBJS=''
LT_SYS_LIBRARY_PATH=''
MAINT=''
MAINTAINER_MODE_FALSE='#'
MAINTAINER_MODE_TRUE=''
MAKEINFO='${SHELL} /home/jiangxiaoyu/jiangxiaoyu/git/MR4_RELEASE/camera/icamerasrc/missing makeinfo'
MANIFEST_TOOL=':'
MKDIR_P='/usr/bin/mkdir -p'
NM='x86_64-poky-linux-nm'
NMEDIT=''
OBJDUMP='x86_64-poky-linux-objdump'
OBJEXT='o'
OTOOL64=''
OTOOL=''
PACKAGE='my-plugin-package'
PACKAGE_BUGREPORT=''
PACKAGE_NAME='my-plugin-package'
PACKAGE_STRING='my-plugin-package 1.0.0'
PACKAGE_TARNAME='my-plugin-package'
PACKAGE_URL=''
PACKAGE_VERSION='1.0.0'
PATH_SEPARATOR=':'
PKG_CONFIG='/opt/poky/2.5/sysroots/x86_64-pokysdk-linux/usr/bin/pkg-config'
PKG_CONFIG_LIBDIR=''
PKG_CONFIG_PATH='/home/jiangxiaoyu/jiangxiaoyu/git/MR4_RELEASE/camera/out/iotg/install/lib/pkgconfig:/opt/poky/2.5/sysroots/core2-64-poky-linux/usr/lib/pkgconfig:/opt/poky/2.5/sysroots/core2-64-poky-linux/usr/share/pkgconfig:'
RANLIB='x86_64-poky-linux-ranlib'
SED='sed'
SET_MAKE=''
SHELL='/bin/bash'
STRIP='x86_64-poky-linux-strip'
VERSION='1.0.0'
ac_ct_AR=''
ac_ct_CC=''
ac_ct_CXX=''
ac_ct_DUMPBIN=''
am__EXEEXT_FALSE=''
am__EXEEXT_TRUE='#'
am__fastdepCC_FALSE='#'
am__fastdepCC_TRUE=''
am__fastdepCXX_FALSE='#'
am__fastdepCXX_TRUE=''
am__include='include'
am__isrc=''
am__leading_dot='.'
am__nodep='_no'
am__quote=''
am__tar='$${TAR-tar} chof - "$$tardir"'
am__untar='$${TAR-tar} xf -'
bindir='${exec_prefix}/bin'
build='x86_64-pc-linux-gnu'
build_alias='x86_64-linux'
build_cpu='x86_64'
build_os='linux-gnu'
build_vendor='pc'
datadir='${datarootdir}'
datarootdir='${prefix}/share'
docdir='${datarootdir}/doc/${PACKAGE_TARNAME}'
dvidir='${docdir}'
exec_prefix='${prefix}'
host='x86_64-poky-linux-gnu'
host_alias='x86_64-poky-linux'
host_cpu='x86_64'
host_os='linux-gnu'
host_vendor='poky'
htmldir='${docdir}'
includedir='${prefix}/include'
infodir='${datarootdir}/info'
install_sh='${SHELL} /home/jiangxiaoyu/jiangxiaoyu/git/MR4_RELEASE/camera/icamerasrc/install-sh'
libdir='${exec_prefix}/lib'
libexecdir='${exec_prefix}/libexec'
localedir='${datarootdir}/locale'
localstatedir='${prefix}/var'
mandir='${datarootdir}/man'
mkdir_p='$(MKDIR_P)'
oldincludedir='/usr/include'
pdfdir='${docdir}'
plugindir='$(libdir)/gstreamer-1.0'
prefix='/home/jiangxiaoyu/jiangxiaoyu/git/MR4_RELEASE/camera/out/iotg/install'
program_transform_name='s,x,x,'
psdir='${docdir}'
sbindir='${exec_prefix}/sbin'
sharedstatedir='${prefix}/com'
sysconfdir='${prefix}/etc'
target_alias='x86_64-poky-linux'

## ----------- ##
## confdefs.h. ##
## ----------- ##

/* confdefs.h */
#define PACKAGE_NAME "my-plugin-package"
#define PACKAGE_TARNAME "my-plugin-package"
#define PACKAGE_VERSION "1.0.0"
#define PACKAGE_STRING "my-plugin-package 1.0.0"
#define PACKAGE_BUGREPORT ""
#define PACKAGE_URL ""
#define PACKAGE "my-plugin-package"
#define VERSION "1.0.0"
#define STDC_HEADERS 1
#define HAVE_SYS_TYPES_H 1
#define HAVE_SYS_STAT_H 1
#define HAVE_STDLIB_H 1
#define HAVE_STRING_H 1
#define HAVE_MEMORY_H 1
#define HAVE_STRINGS_H 1
#define HAVE_INTTYPES_H 1
#define HAVE_STDINT_H 1
#define HAVE_UNISTD_H 1
#define HAVE_DLFCN_H 1
#define LT_OBJDIR ".libs/"
#define GST_LICENSE "LGPL"
#define GST_API_VERSION "1.0"
#define GST_PACKAGE_ORIGIN "https://developer.gnome.org/gstreamer/"
#define GST_PACKAGE_NAME "Gstreamer"
#define HAVE_LIBCAMHAL 1

configure: exit 0
